05.05.2013 01:57:02 (INFO): ed053226-8930-47d6-acfa-29a745314e02 discoverd. 
05.05.2013 01:57:02 (INFO): Client 5009b6ab-cd1f-416a-b259-2a1300a529ac Connected. 
05.05.2013 01:59:44 (INFO): ed053226-8930-47d6-acfa-29a745314e02 discoverd. 
05.05.2013 01:59:44 (INFO): Client 5009b6ab-cd1f-416a-b259-2a1300a529ac Connected. 
05.05.2013 01:59:44 (INFO): File "jquery.dataTables.tableTools.js.2013-02-13_152605.bak" remote_create. 
05.05.2013 02:00:29 (INFO): File "jquery.dataTables.tableTools.js.2013-02-13_152605.bak" local_delete. 
05.05.2013 02:05:47 (INFO): ed053226-8930-47d6-acfa-29a745314e02 discoverd. 
05.05.2013 02:05:47 (INFO): Client 5009b6ab-cd1f-416a-b259-2a1300a529ac Connected. 
05.05.2013 02:05:47 (INFO): File "jquery.dataTables.tableTools.js.2013-02-13_152605.bak" remote_create. 
05.05.2013 02:05:55 (INFO): File "jquery.dataTables.tableTools.js.2013-02-13_152605.bak" local_delete. 
05.05.2013 02:06:35 (INFO): ed053226-8930-47d6-acfa-29a745314e02 discoverd. 
05.05.2013 02:06:35 (INFO): Client 5009b6ab-cd1f-416a-b259-2a1300a529ac Connected. 
05.05.2013 02:06:35 (INFO): File "jquery.dataTables.tableTools.js.2013-02-13_152605.bak" remote_create. 
05.05.2013 02:06:45 (INFO): File "jquery.dataTables.tableTools.js.2013-02-13_152605.bak" local_delete. 
05.05.2013 02:07:27 (INFO): ed053226-8930-47d6-acfa-29a745314e02 discoverd. 
05.05.2013 02:07:27 (INFO): Client 5009b6ab-cd1f-416a-b259-2a1300a529ac Connected. 
05.05.2013 02:07:27 (INFO): File "jquery.dataTables.tableTools.js.2013-02-13_152605.bak" remote_create. 
05.05.2013 02:07:36 (INFO): File "jquery.dataTables.tableTools.js.2013-02-13_152605.bak" local_delete. 
05.05.2013 02:07:36 (INFO): File "jquery.dataTables.tableTools.js.2013-02-13_152605.bak" local_delete. 
05.05.2013 02:10:50 (INFO): ed053226-8930-47d6-acfa-29a745314e02 discoverd. 
05.05.2013 02:10:50 (INFO): Client 5009b6ab-cd1f-416a-b259-2a1300a529ac Connected. 
05.05.2013 02:11:36 (INFO): File "jquery.dataTables.tableTools.js.2013-02-13_152706.bak" local_created. 
05.05.2013 02:11:36 (INFO): File "jquery.dataTables.tableTools.js.2013-02-13_152706.bak" remote_create. 
05.05.2013 02:11:50 (INFO): File "jquery.dataTables.tableTools.js.2013-02-13_152706.bak" local_delete. 
05.05.2013 02:11:50 (INFO): File "jquery.dataTables.tableTools.js.2013-02-13_152706.bak" remote_delete. 
05.05.2013 04:36:57 (INFO): ed053226-8930-47d6-acfa-29a745314e02 discoverd. 
05.05.2013 04:36:57 (INFO): Client 5009b6ab-cd1f-416a-b259-2a1300a529ac Connected. 
05.05.2013 04:42:27 (INFO): ed053226-8930-47d6-acfa-29a745314e02 discoverd. 
05.05.2013 04:42:27 (INFO): Client 5009b6ab-cd1f-416a-b259-2a1300a529ac Connected. 
05.05.2013 05:26:19 (INFO): ed053226-8930-47d6-acfa-29a745314e02 discoverd. 
05.05.2013 05:26:19 (INFO): Client 5009b6ab-cd1f-416a-b259-2a1300a529ac Connected. 
05.05.2013 05:26:26 (INFO): File "new  2.txt.2013-02-13_212454.bak" local_created. 
05.05.2013 05:26:26 (INFO): File "new  2.txt.2013-02-13_212454.bak" remote_create. 
05.05.2013 05:27:13 (INFO): ed053226-8930-47d6-acfa-29a745314e02 discoverd. 
05.05.2013 05:27:13 (INFO): Client 5009b6ab-cd1f-416a-b259-2a1300a529ac Connected. 
05.05.2013 05:28:15 (INFO): ed053226-8930-47d6-acfa-29a745314e02 discoverd. 
05.05.2013 05:28:15 (INFO): Client 5009b6ab-cd1f-416a-b259-2a1300a529ac Connected. 
05.05.2013 05:28:32 (INFO): ed053226-8930-47d6-acfa-29a745314e02 discoverd. 
05.05.2013 05:28:32 (INFO): Client 5009b6ab-cd1f-416a-b259-2a1300a529ac Connected. 
05.05.2013 05:37:10 (INFO): ed053226-8930-47d6-acfa-29a745314e02 discoverd. 
05.05.2013 05:37:10 (INFO): Client 5009b6ab-cd1f-416a-b259-2a1300a529ac Connected. 
05.05.2013 05:37:14 (INFO): ed053226-8930-47d6-acfa-29a745314e02 discoverd. 
05.05.2013 05:37:14 (INFO): 5009b6ab-cd1f-416a-b259-2a1300a529ac discoverd. 
05.05.2013 05:37:14 (INFO): Client 445d6339-9c76-47c0-92d0-fd952c5536c7 Connected. 
05.05.2013 05:37:14 (INFO): Client 445d6339-9c76-47c0-92d0-fd952c5536c7 Connected. 
05.05.2013 05:37:52 (INFO): ed053226-8930-47d6-acfa-29a745314e02 discoverd. 
05.05.2013 05:37:52 (INFO): Client 5009b6ab-cd1f-416a-b259-2a1300a529ac Connected. 
05.05.2013 05:41:27 (INFO): ed053226-8930-47d6-acfa-29a745314e02 discoverd. 
05.05.2013 05:41:27 (INFO): Client 5009b6ab-cd1f-416a-b259-2a1300a529ac Connected. 
05.05.2013 05:41:40 (INFO): ed053226-8930-47d6-acfa-29a745314e02 discoverd. 
05.05.2013 05:41:40 (INFO): 5009b6ab-cd1f-416a-b259-2a1300a529ac discoverd. 
05.05.2013 05:41:40 (INFO): Client 1b9878f4-dba7-427b-be33-c7c6e8854f59 Connected. 
05.05.2013 05:41:40 (INFO): Client 1b9878f4-dba7-427b-be33-c7c6e8854f59 Connected. 
05.05.2013 05:41:40 (INFO): Folder "New" remote_create. 
05.05.2013 05:41:40 (INFO): Folder "New" remote_create. 
05.05.2013 05:41:42 (INFO): File "new  2.txt.2013-02-13_212454.bak" remote_create. 
05.05.2013 05:43:21 (INFO): File "index.html.2013-02-10_213404.bak" local_created. 
05.05.2013 05:43:21 (INFO): File "index.html.2013-02-10_213404.bak" remote_create. 
05.05.2013 05:43:21 (INFO): File "index.html.2013-02-10_213404.bak" remote_create. 
05.05.2013 05:46:07 (INFO): ed053226-8930-47d6-acfa-29a745314e02 discoverd. 
05.05.2013 05:46:07 (INFO): Client 5009b6ab-cd1f-416a-b259-2a1300a529ac Connected. 
05.05.2013 05:46:17 (INFO): ed053226-8930-47d6-acfa-29a745314e02 discoverd. 
05.05.2013 05:46:17 (INFO): 5009b6ab-cd1f-416a-b259-2a1300a529ac discoverd. 
05.05.2013 05:46:17 (INFO): Client 69e8c940-0679-43d1-b158-dbb3bb75f5f3 Connected. 
05.05.2013 05:46:17 (INFO): Client 69e8c940-0679-43d1-b158-dbb3bb75f5f3 Connected. 
05.05.2013 05:46:17 (INFO): File "index.html.2013-02-10_213404.bak" remote_create. 
05.05.2013 05:46:19 (INFO): Folder "New" remote_create. 
05.05.2013 05:46:19 (INFO): Folder "New" remote_create. 
05.05.2013 05:46:30 (INFO): File "new  2.txt.2013-02-13_212454.bak" remote_create. 
05.05.2013 05:59:45 (INFO): ed053226-8930-47d6-acfa-29a745314e02 discoverd. 
05.05.2013 05:59:45 (INFO): Client 5009b6ab-cd1f-416a-b259-2a1300a529ac Connected. 
05.05.2013 05:59:53 (INFO): ed053226-8930-47d6-acfa-29a745314e02 discoverd. 
05.05.2013 05:59:53 (INFO): 5009b6ab-cd1f-416a-b259-2a1300a529ac discoverd. 
05.05.2013 05:59:53 (INFO): Client f13e1b41-7806-47fc-8a60-36b95533c794 Connected. 
05.05.2013 05:59:53 (INFO): Client f13e1b41-7806-47fc-8a60-36b95533c794 Connected. 
05.05.2013 05:59:53 (INFO): File "index.html.2013-02-10_213404.bak" remote_create. 
05.05.2013 05:59:53 (INFO): Folder "New" remote_create. 
05.05.2013 05:59:54 (INFO): Folder "New" remote_create. 
05.05.2013 05:59:54 (INFO): File "new  2.txt.2013-02-13_212454.bak" remote_create. 
05.05.2013 06:02:32 (INFO): ed053226-8930-47d6-acfa-29a745314e02 discoverd. 
05.05.2013 06:02:32 (INFO): Client 5009b6ab-cd1f-416a-b259-2a1300a529ac Connected. 
05.05.2013 06:02:52 (INFO): ed053226-8930-47d6-acfa-29a745314e02 discoverd. 
05.05.2013 06:02:52 (INFO): Client 5009b6ab-cd1f-416a-b259-2a1300a529ac Connected. 
05.05.2013 06:06:05 (INFO): ed053226-8930-47d6-acfa-29a745314e02 discoverd. 
05.05.2013 06:06:05 (INFO): Client 5009b6ab-cd1f-416a-b259-2a1300a529ac Connected. 
05.05.2013 06:09:16 (INFO): ed053226-8930-47d6-acfa-29a745314e02 discoverd. 
05.05.2013 06:09:16 (INFO): Client 5009b6ab-cd1f-416a-b259-2a1300a529ac Connected. 
05.05.2013 06:09:48 (INFO): ed053226-8930-47d6-acfa-29a745314e02 discoverd. 
05.05.2013 06:09:48 (INFO): Client 5009b6ab-cd1f-416a-b259-2a1300a529ac Connected. 
05.05.2013 06:10:00 (INFO): ed053226-8930-47d6-acfa-29a745314e02 discoverd. 
05.05.2013 06:10:00 (INFO): 5009b6ab-cd1f-416a-b259-2a1300a529ac discoverd. 
05.05.2013 06:10:00 (INFO): Client 11111111-1111-1111-1111-111111111111 Connected. 
05.05.2013 06:10:00 (INFO): Client 11111111-1111-1111-1111-111111111111 Connected. 
05.05.2013 06:10:06 (INFO): File "index.html.2013-02-10_213404.bak" remote_create. 
05.05.2013 06:10:06 (INFO): Folder "New" remote_create. 
05.05.2013 06:10:06 (INFO): Folder "New" remote_create. 
05.05.2013 06:10:06 (INFO): File "new  2.txt.2013-02-13_212454.bak" remote_create. 
05.05.2013 06:10:14 (INFO): ed053226-8930-47d6-acfa-29a745314e02 discoverd. 
05.05.2013 06:10:14 (INFO): 5009b6ab-cd1f-416a-b259-2a1300a529ac discoverd. 
05.05.2013 06:10:14 (INFO): 11111111-1111-1111-1111-111111111111 discoverd. 
05.05.2013 06:10:14 (INFO): Client 22222222-2222-2222-2222-222222222222 Connected. 
05.05.2013 06:10:14 (INFO): Client 22222222-2222-2222-2222-222222222222 Connected. 
05.05.2013 06:10:14 (INFO): Client 22222222-2222-2222-2222-222222222222 Connected. 
05.05.2013 06:10:14 (INFO): File "index.html.2013-02-10_213404.bak" remote_create. 
05.05.2013 06:10:14 (INFO): Folder "New" remote_create. 
05.05.2013 06:10:14 (INFO): Folder "New" remote_create. 
05.05.2013 06:10:14 (INFO): File "new  2.txt.2013-02-13_212454.bak" remote_create. 
05.05.2013 06:10:20 (INFO): ed053226-8930-47d6-acfa-29a745314e02 discoverd. 
05.05.2013 06:10:20 (INFO): 5009b6ab-cd1f-416a-b259-2a1300a529ac discoverd. 
05.05.2013 06:10:20 (INFO): 11111111-1111-1111-1111-111111111111 discoverd. 
05.05.2013 06:10:20 (INFO): 22222222-2222-2222-2222-222222222222 discoverd. 
05.05.2013 06:10:20 (INFO): Client 33333333-3333-3333-3333-333333333333 Connected. 
05.05.2013 06:10:20 (INFO): Client 33333333-3333-3333-3333-333333333333 Connected. 
05.05.2013 06:10:20 (INFO): Client 33333333-3333-3333-3333-333333333333 Connected. 
05.05.2013 06:10:20 (INFO): Client 33333333-3333-3333-3333-333333333333 Connected. 
05.05.2013 06:10:20 (INFO): File "index.html.2013-02-10_213404.bak" remote_create. 
05.05.2013 06:10:20 (INFO): Folder "New" remote_create. 
05.05.2013 06:10:20 (INFO): Folder "New" remote_create. 
05.05.2013 06:10:20 (INFO): File "new  2.txt.2013-02-13_212454.bak" remote_create. 
05.05.2013 06:10:24 (INFO): ed053226-8930-47d6-acfa-29a745314e02 discoverd. 
05.05.2013 06:10:24 (INFO): 5009b6ab-cd1f-416a-b259-2a1300a529ac discoverd. 
05.05.2013 06:10:24 (INFO): 11111111-1111-1111-1111-111111111111 discoverd. 
05.05.2013 06:10:24 (INFO): 22222222-2222-2222-2222-222222222222 discoverd. 
05.05.2013 06:10:24 (INFO): 33333333-3333-3333-3333-333333333333 discoverd. 
05.05.2013 06:10:24 (INFO): Client 44444444-4444-4444-4444-444444444444 Connected. 
05.05.2013 06:10:24 (INFO): Client 44444444-4444-4444-4444-444444444444 Connected. 
05.05.2013 06:10:24 (INFO): Client 44444444-4444-4444-4444-444444444444 Connected. 
05.05.2013 06:10:24 (INFO): Client 44444444-4444-4444-4444-444444444444 Connected. 
05.05.2013 06:10:24 (INFO): Client 44444444-4444-4444-4444-444444444444 Connected. 
05.05.2013 06:10:24 (INFO): File "index.html.2013-02-10_213404.bak" remote_create. 
05.05.2013 06:10:24 (INFO): Folder "New" remote_create. 
05.05.2013 06:10:24 (INFO): Folder "New" remote_create. 
05.05.2013 06:10:24 (INFO): File "new  2.txt.2013-02-13_212454.bak" remote_create. 
05.05.2013 06:10:37 (INFO): File "index.html.2013-02-10_213404.bak" local_delete. 
05.05.2013 06:10:37 (INFO): File "index.html.2013-02-10_213404.bak" remote_delete. 
05.05.2013 06:10:37 (INFO): File "index.html.2013-02-10_213404.bak" remote_delete. 
05.05.2013 06:10:37 (INFO): File "index.html.2013-02-10_213404.bak" remote_delete. 
05.05.2013 06:10:37 (INFO): File "index.html.2013-02-10_213404.bak" remote_delete. 
05.05.2013 06:10:37 (INFO): File "index.html.2013-02-10_213404.bak" remote_delete. 
05.05.2013 06:10:52 (INFO): File "new  2.txt.2013-02-13_212454.bak" local_delete. 
05.05.2013 06:10:52 (INFO): File "new  2.txt.2013-02-13_212454.bak" remote_delete. 
05.05.2013 06:10:52 (INFO): File "new  2.txt.2013-02-13_212454.bak" remote_delete. 
05.05.2013 06:10:52 (INFO): File "new  2.txt.2013-02-13_212454.bak" remote_delete. 
05.05.2013 06:10:52 (INFO): File "new  2.txt.2013-02-13_212454.bak" remote_delete. 
05.05.2013 06:10:52 (INFO): File "new  2.txt.2013-02-13_212454.bak" remote_delete. 
05.05.2013 06:11:06 (INFO): Folder "New" local_delete. 
05.05.2013 06:11:06 (INFO): Folder "New" remote_delete. 
05.05.2013 06:11:06 (INFO): Folder "New" remote_delete. 
05.05.2013 06:11:06 (INFO): Folder "New" remote_delete. 
05.05.2013 06:11:06 (INFO): Folder "New" remote_delete. 
05.05.2013 06:11:06 (INFO): Folder "New" remote_delete. 
05.05.2013 06:11:09 (INFO): Folder "New" local_delete. 
05.05.2013 06:11:09 (INFO): Folder "New" remote_delete. 
05.05.2013 06:11:09 (INFO): Folder "New" remote_delete. 
05.05.2013 06:11:09 (INFO): Folder "New" remote_delete. 
05.05.2013 06:11:09 (INFO): Folder "New" remote_delete. 
05.05.2013 06:11:09 (INFO): Folder "New" remote_delete. 
05.05.2013 06:11:13 (INFO): Folder "New" local_created. 
05.05.2013 06:11:13 (INFO): Folder "New" remote_create. 
05.05.2013 06:11:13 (INFO): Folder "New" remote_create. 
05.05.2013 06:11:13 (INFO): Folder "New" remote_create. 
05.05.2013 06:11:13 (INFO): Folder "New" remote_create. 
05.05.2013 06:11:13 (INFO): Folder "New" remote_create. 
05.05.2013 06:35:18 (INFO): ed053226-8930-47d6-acfa-29a745314e02 discoverd. 
05.05.2013 06:35:18 (INFO): Client 5009b6ab-cd1f-416a-b259-2a1300a529ac Connected. 
05.05.2013 06:36:09 (INFO): ed053226-8930-47d6-acfa-29a745314e02 discoverd. 
05.05.2013 06:36:09 (INFO): Client 5009b6ab-cd1f-416a-b259-2a1300a529ac Connected. 
05.05.2013 06:37:50 (INFO): ed053226-8930-47d6-acfa-29a745314e02 discoverd. 
05.05.2013 06:37:50 (INFO): Client 5009b6ab-cd1f-416a-b259-2a1300a529ac Connected. 
05.05.2013 06:38:57 (INFO): ed053226-8930-47d6-acfa-29a745314e02 discoverd. 
05.05.2013 06:38:57 (INFO): Client 5009b6ab-cd1f-416a-b259-2a1300a529ac Connected. 
05.05.2013 06:39:53 (INFO): ed053226-8930-47d6-acfa-29a745314e02 discoverd. 
05.05.2013 06:39:53 (INFO): Client 5009b6ab-cd1f-416a-b259-2a1300a529ac Connected. 
05.05.2013 06:39:55 (INFO): ed053226-8930-47d6-acfa-29a745314e02 discoverd. 
05.05.2013 06:39:55 (INFO): 5009b6ab-cd1f-416a-b259-2a1300a529ac discoverd. 
05.05.2013 06:39:55 (INFO): Client 11111111-1111-1111-1111-111111111111 Connected. 
05.05.2013 06:39:55 (INFO): Client 11111111-1111-1111-1111-111111111111 Connected. 
05.05.2013 06:39:55 (INFO): Folder "New" remote_create. 
05.05.2013 06:41:43 (INFO): ed053226-8930-47d6-acfa-29a745314e02 discoverd. 
05.05.2013 06:41:43 (INFO): Client 5009b6ab-cd1f-416a-b259-2a1300a529ac Connected. 
05.05.2013 06:41:45 (INFO): ed053226-8930-47d6-acfa-29a745314e02 discoverd. 
05.05.2013 06:41:45 (INFO): 5009b6ab-cd1f-416a-b259-2a1300a529ac discoverd. 
05.05.2013 06:41:45 (INFO): Client 11111111-1111-1111-1111-111111111111 Connected. 
05.05.2013 06:41:45 (INFO): Client 11111111-1111-1111-1111-111111111111 Connected. 
05.05.2013 06:43:02 (INFO): ed053226-8930-47d6-acfa-29a745314e02 discoverd. 
05.05.2013 06:43:02 (INFO): Client 5009b6ab-cd1f-416a-b259-2a1300a529ac Connected. 
05.05.2013 06:43:04 (INFO): ed053226-8930-47d6-acfa-29a745314e02 discoverd. 
05.05.2013 06:43:04 (INFO): 5009b6ab-cd1f-416a-b259-2a1300a529ac discoverd. 
05.05.2013 06:43:04 (INFO): Client 11111111-1111-1111-1111-111111111111 Connected. 
05.05.2013 06:43:04 (INFO): Client 11111111-1111-1111-1111-111111111111 Connected. 
05.05.2013 06:43:26 (INFO): ed053226-8930-47d6-acfa-29a745314e02 discoverd. 
05.05.2013 06:43:26 (INFO): Client 5009b6ab-cd1f-416a-b259-2a1300a529ac Connected. 
05.05.2013 06:43:29 (INFO): ed053226-8930-47d6-acfa-29a745314e02 discoverd. 
05.05.2013 06:43:29 (INFO): 5009b6ab-cd1f-416a-b259-2a1300a529ac discoverd. 
05.05.2013 06:43:29 (INFO): Client 11111111-1111-1111-1111-111111111111 Connected. 
05.05.2013 06:48:19 (INFO): ed053226-8930-47d6-acfa-29a745314e02 discoverd. 
05.05.2013 06:48:20 (INFO): Client 5009b6ab-cd1f-416a-b259-2a1300a529ac Connected. 
05.05.2013 06:48:26 (INFO): ed053226-8930-47d6-acfa-29a745314e02 discoverd. 
05.05.2013 06:48:26 (INFO): 5009b6ab-cd1f-416a-b259-2a1300a529ac discoverd. 
05.05.2013 06:48:26 (INFO): Client 11111111-1111-1111-1111-111111111111 Connected. 
05.05.2013 06:48:26 (INFO): Client 11111111-1111-1111-1111-111111111111 Connected. 
05.05.2013 06:48:32 (INFO): ed053226-8930-47d6-acfa-29a745314e02 discoverd. 
05.05.2013 06:48:32 (INFO): 5009b6ab-cd1f-416a-b259-2a1300a529ac discoverd. 
05.05.2013 06:48:32 (INFO): 11111111-1111-1111-1111-111111111111 discoverd. 
05.05.2013 06:48:32 (INFO): Client 22222222-2222-2222-2222-222222222222 Connected. 
05.05.2013 06:48:32 (INFO): Client 22222222-2222-2222-2222-222222222222 Connected. 
05.05.2013 06:48:32 (INFO): Client 22222222-2222-2222-2222-222222222222 Connected. 
05.05.2013 06:49:20 (INFO): ed053226-8930-47d6-acfa-29a745314e02 discoverd. 
05.05.2013 06:49:20 (INFO): Client 5009b6ab-cd1f-416a-b259-2a1300a529ac Connected. 
05.05.2013 06:49:23 (INFO): ed053226-8930-47d6-acfa-29a745314e02 discoverd. 
05.05.2013 06:49:23 (INFO): 5009b6ab-cd1f-416a-b259-2a1300a529ac discoverd. 
05.05.2013 06:49:23 (INFO): Client 11111111-1111-1111-1111-111111111111 Connected. 
05.05.2013 06:49:23 (INFO): Client 11111111-1111-1111-1111-111111111111 Connected. 
05.05.2013 06:50:08 (INFO): ed053226-8930-47d6-acfa-29a745314e02 discoverd. 
05.05.2013 06:50:08 (INFO): Client 5009b6ab-cd1f-416a-b259-2a1300a529ac Connected. 
05.05.2013 06:50:10 (INFO): ed053226-8930-47d6-acfa-29a745314e02 discoverd. 
05.05.2013 06:50:10 (INFO): 5009b6ab-cd1f-416a-b259-2a1300a529ac discoverd. 
05.05.2013 06:50:10 (INFO): Client 11111111-1111-1111-1111-111111111111 Connected. 
05.05.2013 06:50:10 (INFO): Client 11111111-1111-1111-1111-111111111111 Connected. 
05.05.2013 06:50:12 (INFO): ed053226-8930-47d6-acfa-29a745314e02 discoverd. 
05.05.2013 06:50:12 (INFO): 5009b6ab-cd1f-416a-b259-2a1300a529ac discoverd. 
05.05.2013 06:50:12 (INFO): 11111111-1111-1111-1111-111111111111 discoverd. 
05.05.2013 06:50:12 (INFO): Client 22222222-2222-2222-2222-222222222222 Connected. 
05.05.2013 06:50:12 (INFO): Client 22222222-2222-2222-2222-222222222222 Connected. 
05.05.2013 06:50:12 (INFO): Client 22222222-2222-2222-2222-222222222222 Connected. 
05.05.2013 06:50:12 (INFO): Folder "New" remote_create. 
05.05.2013 06:50:52 (INFO): ed053226-8930-47d6-acfa-29a745314e02 discoverd. 
05.05.2013 06:50:52 (INFO): Client 5009b6ab-cd1f-416a-b259-2a1300a529ac Connected. 
05.05.2013 06:50:55 (INFO): ed053226-8930-47d6-acfa-29a745314e02 discoverd. 
05.05.2013 06:50:55 (INFO): 5009b6ab-cd1f-416a-b259-2a1300a529ac discoverd. 
05.05.2013 06:50:55 (INFO): Client 11111111-1111-1111-1111-111111111111 Connected. 
05.05.2013 06:50:55 (INFO): Client 11111111-1111-1111-1111-111111111111 Connected. 
05.05.2013 06:51:22 (INFO): ed053226-8930-47d6-acfa-29a745314e02 discoverd. 
05.05.2013 06:51:22 (INFO): Client 5009b6ab-cd1f-416a-b259-2a1300a529ac Connected. 
05.05.2013 06:51:24 (INFO): ed053226-8930-47d6-acfa-29a745314e02 discoverd. 
05.05.2013 06:51:24 (INFO): 5009b6ab-cd1f-416a-b259-2a1300a529ac discoverd. 
05.05.2013 06:51:24 (INFO): Client 11111111-1111-1111-1111-111111111111 Connected. 
05.05.2013 06:51:24 (INFO): Client 11111111-1111-1111-1111-111111111111 Connected. 
05.05.2013 06:51:28 (INFO): ed053226-8930-47d6-acfa-29a745314e02 discoverd. 
05.05.2013 06:51:28 (INFO): 5009b6ab-cd1f-416a-b259-2a1300a529ac discoverd. 
05.05.2013 06:51:28 (INFO): 11111111-1111-1111-1111-111111111111 discoverd. 
05.05.2013 06:51:28 (INFO): Client 22222222-2222-2222-2222-222222222222 Connected. 
05.05.2013 06:51:28 (INFO): Client 22222222-2222-2222-2222-222222222222 Connected. 
05.05.2013 06:51:28 (INFO): Client 22222222-2222-2222-2222-222222222222 Connected. 
05.05.2013 06:51:34 (INFO): ed053226-8930-47d6-acfa-29a745314e02 discoverd. 
05.05.2013 06:51:34 (INFO): 5009b6ab-cd1f-416a-b259-2a1300a529ac discoverd. 
05.05.2013 06:51:34 (INFO): 11111111-1111-1111-1111-111111111111 discoverd. 
05.05.2013 06:51:34 (INFO): 22222222-2222-2222-2222-222222222222 discoverd. 
05.05.2013 06:51:34 (INFO): Client 33333333-3333-3333-3333-333333333333 Connected. 
05.05.2013 06:51:34 (INFO): Client 33333333-3333-3333-3333-333333333333 Connected. 
05.05.2013 06:51:34 (INFO): Client 33333333-3333-3333-3333-333333333333 Connected. 
05.05.2013 06:51:34 (INFO): Client 33333333-3333-3333-3333-333333333333 Connected. 
05.05.2013 06:51:34 (INFO): Folder "New" remote_create. 
05.05.2013 06:51:42 (INFO): File "jquery.dataTables.tableTools.js.2013-02-13_152804.bak" local_created. 
05.05.2013 06:51:42 (INFO): File "jquery.dataTables.tableTools.js.2013-02-13_152804.bak" remote_create. 
05.05.2013 06:51:42 (INFO): File "jquery.dataTables.tableTools.js.2013-02-13_152804.bak" remote_create. 
05.05.2013 06:51:42 (INFO): File "jquery.dataTables.tableTools.js.2013-02-13_152804.bak" remote_create. 
05.05.2013 06:51:42 (INFO): File "jquery.dataTables.tableTools.js.2013-02-13_152804.bak" remote_create. 
05.05.2013 07:00:05 (INFO): ed053226-8930-47d6-acfa-29a745314e02 discoverd. 
05.05.2013 07:00:05 (INFO): Client 5009b6ab-cd1f-416a-b259-2a1300a529ac Connected. 
05.05.2013 07:00:08 (INFO): ed053226-8930-47d6-acfa-29a745314e02 discoverd. 
05.05.2013 07:00:08 (INFO): 5009b6ab-cd1f-416a-b259-2a1300a529ac discoverd. 
05.05.2013 07:00:08 (INFO): Client 11111111-1111-1111-1111-111111111111 Connected. 
05.05.2013 07:00:08 (INFO): Client 11111111-1111-1111-1111-111111111111 Connected. 
05.05.2013 07:00:18 (INFO): File "jquery.dataTables.tableTools.js.2013-02-13_152804.bak" local_delete. 
05.05.2013 07:00:18 (INFO): File "jquery.dataTables.tableTools.js.2013-02-13_152804.bak" remote_delete. 
05.05.2013 07:42:52 (INFO): ed053226-8930-47d6-acfa-29a745314e02 discoverd. 
05.05.2013 07:42:52 (INFO): Client 5009b6ab-cd1f-416a-b259-2a1300a529ac Connected. 
05.05.2013 07:42:52 (INFO): Client 5009b6ab-cd1f-416a-b259-2a1300a529ac Disconnected. 
05.05.2013 07:46:51 (INFO): ed053226-8930-47d6-acfa-29a745314e02 discoverd. 
05.05.2013 07:46:51 (INFO): Client 5009b6ab-cd1f-416a-b259-2a1300a529ac Connected. 
05.05.2013 07:46:51 (INFO): Client 5009b6ab-cd1f-416a-b259-2a1300a529ac Disconnected. 
05.05.2013 07:47:23 (INFO): ed053226-8930-47d6-acfa-29a745314e02 discoverd. 
05.05.2013 07:47:23 (INFO): Client 5009b6ab-cd1f-416a-b259-2a1300a529ac Connected. 
05.05.2013 07:48:07 (INFO): Client 5009b6ab-cd1f-416a-b259-2a1300a529ac Disconnected. 
05.05.2013 07:48:27 (INFO): ed053226-8930-47d6-acfa-29a745314e02 discoverd. 
05.05.2013 07:48:27 (INFO): Client 5009b6ab-cd1f-416a-b259-2a1300a529ac Connected. 
05.05.2013 07:48:27 (INFO): Client 5009b6ab-cd1f-416a-b259-2a1300a529ac Disconnected. 
05.05.2013 07:48:41 (INFO): ed053226-8930-47d6-acfa-29a745314e02 discoverd. 
05.05.2013 07:48:41 (INFO): Client 5009b6ab-cd1f-416a-b259-2a1300a529ac Connected. 
05.05.2013 07:48:46 (INFO): ed053226-8930-47d6-acfa-29a745314e02 discoverd. 
05.05.2013 07:48:46 (INFO): 5009b6ab-cd1f-416a-b259-2a1300a529ac discoverd. 
05.05.2013 07:48:46 (INFO): Client 11111111-1111-1111-1111-111111111111 Connected. 
05.05.2013 07:48:46 (INFO): Client 11111111-1111-1111-1111-111111111111 Connected. 
05.05.2013 07:48:46 (INFO): File "jquery.dataTables.tableTools.js.2013-02-13_152804.bak" remote_create. 
05.05.2013 07:48:46 (INFO): File "jquery.dataTables.tableTools.js.2013-02-13_152804.bak" remote_create. 
05.05.2013 07:51:04 (INFO): ed053226-8930-47d6-acfa-29a745314e02 discoverd. 
05.05.2013 07:51:04 (INFO): Client 5009b6ab-cd1f-416a-b259-2a1300a529ac Connected. 
05.05.2013 07:51:19 (INFO): ed053226-8930-47d6-acfa-29a745314e02 discoverd. 
05.05.2013 07:51:19 (INFO): Client 5009b6ab-cd1f-416a-b259-2a1300a529ac Connected. 
05.05.2013 07:51:23 (INFO): ed053226-8930-47d6-acfa-29a745314e02 discoverd. 
05.05.2013 07:51:23 (INFO): 5009b6ab-cd1f-416a-b259-2a1300a529ac discoverd. 
05.05.2013 07:51:23 (INFO): Client 11111111-1111-1111-1111-111111111111 Connected. 
05.05.2013 07:51:23 (INFO): Client 11111111-1111-1111-1111-111111111111 Connected. 
05.05.2013 07:51:29 (INFO): Client 11111111-1111-1111-1111-111111111111 Disconnected. 
05.05.2013 07:53:24 (INFO): ed053226-8930-47d6-acfa-29a745314e02 discoverd. 
05.05.2013 07:53:24 (INFO): Client 5009b6ab-cd1f-416a-b259-2a1300a529ac Connected. 
05.05.2013 07:54:39 (INFO): ed053226-8930-47d6-acfa-29a745314e02 discoverd. 
05.05.2013 07:54:39 (INFO): Client 5009b6ab-cd1f-416a-b259-2a1300a529ac Connected. 
05.05.2013 07:54:44 (INFO): ed053226-8930-47d6-acfa-29a745314e02 discoverd. 
05.05.2013 07:54:44 (INFO): 5009b6ab-cd1f-416a-b259-2a1300a529ac discoverd. 
05.05.2013 07:54:44 (INFO): Client 11111111-1111-1111-1111-111111111111 Connected. 
05.05.2013 07:54:44 (INFO): Client 11111111-1111-1111-1111-111111111111 Connected. 
05.05.2013 07:55:14 (INFO): Client 11111111-1111-1111-1111-111111111111 Disconnected. 
05.05.2013 08:02:55 (INFO): ed053226-8930-47d6-acfa-29a745314e02 discoverd. 
05.05.2013 08:02:55 (INFO): Client 5009b6ab-cd1f-416a-b259-2a1300a529ac Connected. 
05.05.2013 08:02:58 (INFO): ed053226-8930-47d6-acfa-29a745314e02 discoverd. 
05.05.2013 08:02:58 (INFO): 5009b6ab-cd1f-416a-b259-2a1300a529ac discoverd. 
05.05.2013 08:02:58 (INFO): Client 11111111-1111-1111-1111-111111111111 Connected. 
05.05.2013 08:02:58 (INFO): Client 11111111-1111-1111-1111-111111111111 Connected. 
05.05.2013 08:03:31 (INFO): Client 11111111-1111-1111-1111-111111111111 Disconnected. 
05.05.2013 08:03:57 (INFO): Client 11111111-1111-1111-1111-111111111111 Disconnected. 
05.05.2013 08:08:18 (INFO): ed053226-8930-47d6-acfa-29a745314e02 discoverd. 
05.05.2013 08:08:18 (INFO): Client 5009b6ab-cd1f-416a-b259-2a1300a529ac Connected. 
05.05.2013 08:08:24 (INFO): ed053226-8930-47d6-acfa-29a745314e02 discoverd. 
05.05.2013 08:08:24 (INFO): 5009b6ab-cd1f-416a-b259-2a1300a529ac discoverd. 
05.05.2013 08:08:24 (INFO): Client 11111111-1111-1111-1111-111111111111 Connected. 
05.05.2013 08:08:24 (INFO): Client 11111111-1111-1111-1111-111111111111 Connected. 
05.05.2013 08:08:25 (INFO): ed053226-8930-47d6-acfa-29a745314e02 discoverd. 
05.05.2013 08:08:25 (INFO): 5009b6ab-cd1f-416a-b259-2a1300a529ac discoverd. 
05.05.2013 08:08:25 (INFO): 11111111-1111-1111-1111-111111111111 discoverd. 
05.05.2013 08:08:25 (INFO): Client 22222222-2222-2222-2222-222222222222 Connected. 
05.05.2013 08:08:25 (INFO): Client 22222222-2222-2222-2222-222222222222 Connected. 
05.05.2013 08:08:25 (INFO): Client 22222222-2222-2222-2222-222222222222 Connected. 
05.05.2013 08:08:30 (INFO): Client 11111111-1111-1111-1111-111111111111 Disconnected. 
05.05.2013 08:09:12 (INFO): ed053226-8930-47d6-acfa-29a745314e02 discoverd. 
05.05.2013 08:09:12 (INFO): Client 5009b6ab-cd1f-416a-b259-2a1300a529ac Connected. 
05.05.2013 08:09:17 (INFO): ed053226-8930-47d6-acfa-29a745314e02 discoverd. 
05.05.2013 08:09:17 (INFO): 5009b6ab-cd1f-416a-b259-2a1300a529ac discoverd. 
05.05.2013 08:09:17 (INFO): Client 11111111-1111-1111-1111-111111111111 Connected. 
05.05.2013 08:09:17 (INFO): Client 11111111-1111-1111-1111-111111111111 Connected. 
05.05.2013 08:09:27 (INFO): Client 11111111-1111-1111-1111-111111111111 Disconnected. 
05.05.2013 08:11:49 (INFO): ed053226-8930-47d6-acfa-29a745314e02 discoverd. 
05.05.2013 08:11:49 (INFO): Client 5009b6ab-cd1f-416a-b259-2a1300a529ac Connected. 
05.05.2013 08:12:46 (INFO): ed053226-8930-47d6-acfa-29a745314e02 discoverd. 
05.05.2013 08:13:19 (INFO): ed053226-8930-47d6-acfa-29a745314e02 discoverd. 
05.05.2013 08:13:23 (INFO): Client 5009b6ab-cd1f-416a-b259-2a1300a529ac Connected. 
05.05.2013 08:13:31 (INFO): ed053226-8930-47d6-acfa-29a745314e02 discoverd. 
05.05.2013 08:13:32 (INFO): Client 5009b6ab-cd1f-416a-b259-2a1300a529ac Connected. 
05.05.2013 08:13:38 (INFO): ed053226-8930-47d6-acfa-29a745314e02 discoverd. 
05.05.2013 08:13:38 (INFO): 5009b6ab-cd1f-416a-b259-2a1300a529ac discoverd. 
05.05.2013 08:13:38 (INFO): Client 11111111-1111-1111-1111-111111111111 Connected. 
05.05.2013 08:13:38 (INFO): Client 11111111-1111-1111-1111-111111111111 Connected. 
05.05.2013 08:13:41 (INFO): Client 11111111-1111-1111-1111-111111111111 Disconnected. 
05.05.2013 08:13:55 (INFO): ed053226-8930-47d6-acfa-29a745314e02 discoverd. 
05.05.2013 08:13:55 (INFO): 5009b6ab-cd1f-416a-b259-2a1300a529ac discoverd. 
05.05.2013 08:13:55 (INFO): Client 11111111-1111-1111-1111-111111111111 Connected. 
05.05.2013 08:13:55 (INFO): Client 11111111-1111-1111-1111-111111111111 Disconnected. 
