06.05.2013 21:19:23 (INFO): ed053226-8930-47d6-acfa-29a745314e02 discoverd
06.05.2013 21:19:23 (INFO): Client 5009b6ab-cd1f-416a-b259-2a1300a529ac Connected
06.05.2013 21:19:23 (INFO): File "jquery.dataTables.tableTools.js.2013-02-13_152804.bak" remote_create
06.05.2013 21:19:32 (INFO): ed053226-8930-47d6-acfa-29a745314e02 discoverd
06.05.2013 21:19:32 (INFO): 5009b6ab-cd1f-416a-b259-2a1300a529ac discoverd
06.05.2013 21:19:32 (INFO): Client 11111111-1111-1111-1111-111111111111 Connected
06.05.2013 21:19:32 (INFO): Client 11111111-1111-1111-1111-111111111111 Connected
06.05.2013 21:19:32 (INFO): File "jquery.dataTables.tableTools.js.2013-02-13_152804.bak" remote_create
06.05.2013 21:19:33 (INFO): ed053226-8930-47d6-acfa-29a745314e02 discoverd
06.05.2013 21:19:33 (INFO): 5009b6ab-cd1f-416a-b259-2a1300a529ac discoverd
06.05.2013 21:19:33 (INFO): 11111111-1111-1111-1111-111111111111 discoverd
06.05.2013 21:19:33 (INFO): Client 22222222-2222-2222-2222-222222222222 Connected
06.05.2013 21:19:33 (INFO): Client 22222222-2222-2222-2222-222222222222 Connected
06.05.2013 21:19:33 (INFO): Client 22222222-2222-2222-2222-222222222222 Connected
06.05.2013 21:19:33 (INFO): File "jquery.dataTables.tableTools.js.2013-02-13_152804.bak" remote_create
06.05.2013 21:19:33 (INFO): ed053226-8930-47d6-acfa-29a745314e02 discoverd
06.05.2013 21:19:33 (INFO): 5009b6ab-cd1f-416a-b259-2a1300a529ac discoverd
06.05.2013 21:19:33 (INFO): 11111111-1111-1111-1111-111111111111 discoverd
06.05.2013 21:19:33 (INFO): 22222222-2222-2222-2222-222222222222 discoverd
06.05.2013 21:19:33 (INFO): Client 33333333-3333-3333-3333-333333333333 Connected
06.05.2013 21:19:33 (INFO): Client 33333333-3333-3333-3333-333333333333 Connected
06.05.2013 21:19:33 (INFO): Client 33333333-3333-3333-3333-333333333333 Connected
06.05.2013 21:19:33 (INFO): Client 33333333-3333-3333-3333-333333333333 Connected
06.05.2013 21:19:33 (INFO): File "jquery.dataTables.tableTools.js.2013-02-13_152804.bak" remote_create
06.05.2013 21:19:33 (INFO): ed053226-8930-47d6-acfa-29a745314e02 discoverd
06.05.2013 21:19:33 (INFO): 5009b6ab-cd1f-416a-b259-2a1300a529ac discoverd
06.05.2013 21:19:33 (INFO): 11111111-1111-1111-1111-111111111111 discoverd
06.05.2013 21:19:33 (INFO): 22222222-2222-2222-2222-222222222222 discoverd
06.05.2013 21:19:33 (INFO): 33333333-3333-3333-3333-333333333333 discoverd
06.05.2013 21:19:33 (INFO): Client 44444444-4444-4444-4444-444444444444 Connected
06.05.2013 21:19:33 (INFO): Client 44444444-4444-4444-4444-444444444444 Connected
06.05.2013 21:19:33 (INFO): Client 44444444-4444-4444-4444-444444444444 Connected
06.05.2013 21:19:33 (INFO): Client 44444444-4444-4444-4444-444444444444 Connected
06.05.2013 21:19:33 (INFO): Client 44444444-4444-4444-4444-444444444444 Connected
06.05.2013 21:19:33 (INFO): Folder "New" remote_create
06.05.2013 21:19:33 (INFO): File "jquery.dataTables.tableTools.js.2013-02-13_152804.bak" remote_create
06.05.2013 21:19:50 (INFO): Folder "New" local_created
06.05.2013 21:19:50 (INFO): Folder "New" remote_create
06.05.2013 21:19:50 (INFO): Folder "New" remote_create
06.05.2013 21:19:50 (INFO): Folder "New" remote_create
06.05.2013 21:19:50 (INFO): Folder "New" remote_create
06.05.2013 21:19:50 (INFO): Folder "New" remote_create
06.05.2013 21:20:10 (INFO): File "jquery.dataTables.tableTools.js.2013-02-13_152804.bak" local_delete
06.05.2013 21:20:10 (INFO): File "jquery.dataTables.tableTools.js.2013-02-13_152804.bak" remote_delete
06.05.2013 21:20:10 (INFO): File "jquery.dataTables.tableTools.js.2013-02-13_152804.bak" remote_delete
06.05.2013 21:20:10 (INFO): File "jquery.dataTables.tableTools.js.2013-02-13_152804.bak" remote_delete
06.05.2013 21:20:10 (INFO): File "jquery.dataTables.tableTools.js.2013-02-13_152804.bak" remote_delete
06.05.2013 21:20:10 (INFO): File "jquery.dataTables.tableTools.js.2013-02-13_152804.bak" remote_delete
06.05.2013 21:20:39 (INFO): File "index.html.2013-02-10_215124.bak" local_created
06.05.2013 21:20:39 (INFO): File "index.html.2013-02-10_215124.bak" remote_create
06.05.2013 21:20:39 (INFO): File "index.html.2013-02-10_215124.bak" remote_create
06.05.2013 21:20:39 (INFO): File "index.html.2013-02-10_215124.bak" remote_create
06.05.2013 21:20:39 (INFO): File "index.html.2013-02-10_215124.bak" remote_create
06.05.2013 21:20:39 (INFO): File "index.html.2013-02-10_215124.bak" remote_create
06.05.2013 21:20:47 (INFO): Client 44444444-4444-4444-4444-444444444444 Disconnected
06.05.2013 21:20:57 (INFO): File "index.html.2013-02-10_215124.bak" local_delete
06.05.2013 21:20:57 (INFO): File "index.html.2013-02-10_215124.bak" remote_delete
06.05.2013 21:20:57 (INFO): File "index.html.2013-02-10_215124.bak" remote_delete
06.05.2013 21:20:57 (INFO): Client 44444444-4444-4444-4444-444444444444 Disconnected
06.05.2013 21:20:57 (INFO): File "index.html.2013-02-10_215124.bak" remote_delete
06.05.2013 21:20:57 (INFO): File "index.html.2013-02-10_215124.bak" remote_delete
06.05.2013 21:21:12 (INFO): ed053226-8930-47d6-acfa-29a745314e02 discoverd
06.05.2013 21:21:12 (INFO): Client 5009b6ab-cd1f-416a-b259-2a1300a529ac Connected
06.05.2013 21:26:39 (INFO): ed053226-8930-47d6-acfa-29a745314e02 discoverd
06.05.2013 21:26:39 (INFO): Client 5009b6ab-cd1f-416a-b259-2a1300a529ac Connected
06.05.2013 21:26:44 (INFO): ed053226-8930-47d6-acfa-29a745314e02 discoverd
06.05.2013 21:26:44 (INFO): 5009b6ab-cd1f-416a-b259-2a1300a529ac discoverd
06.05.2013 21:26:44 (INFO): Client 11111111-1111-1111-1111-111111111111 Connected
06.05.2013 21:26:44 (INFO): Client 11111111-1111-1111-1111-111111111111 Connected
06.05.2013 21:26:52 (INFO): Folder "New" local_delete
06.05.2013 21:26:52 (INFO): Folder "New" remote_delete
06.05.2013 21:26:52 (INFO): Folder "New" remote_delete
06.05.2013 21:26:55 (INFO): Folder "New" local_delete
06.05.2013 21:26:55 (INFO): Folder "New" remote_delete
06.05.2013 21:26:55 (INFO): Folder "New" remote_delete
06.05.2013 21:27:06 (INFO): Folder "New" local_created
06.05.2013 21:27:06 (INFO): Folder "New" remote_create
06.05.2013 21:27:06 (INFO): Folder "New" remote_create
06.05.2013 21:27:12 (INFO): File "реквизиты.pdf" local_created
06.05.2013 21:27:12 (INFO): File "реквизиты.pdf" remote_create
06.05.2013 21:27:12 (INFO): File "реквизиты.pdf" remote_create
06.05.2013 21:29:24 (INFO): Client 11111111-1111-1111-1111-111111111111 Disconnected
06.05.2013 21:29:30 (INFO): ed053226-8930-47d6-acfa-29a745314e02 discoverd
06.05.2013 21:29:30 (INFO): 5009b6ab-cd1f-416a-b259-2a1300a529ac discoverd
06.05.2013 21:29:30 (INFO): Client 22222222-2222-2222-2222-222222222222 Connected
06.05.2013 21:29:30 (INFO): Client 22222222-2222-2222-2222-222222222222 Connected
06.05.2013 21:29:30 (INFO): Client 22222222-2222-2222-2222-222222222222 Connected
06.05.2013 21:29:30 (INFO): Folder "New" remote_create
06.05.2013 21:29:30 (INFO): File "реквизиты.pdf" remote_create
06.05.2013 21:29:30 (INFO): Folder "New" remote_create
06.05.2013 21:29:35 (INFO): ed053226-8930-47d6-acfa-29a745314e02 discoverd
06.05.2013 21:29:35 (INFO): 5009b6ab-cd1f-416a-b259-2a1300a529ac discoverd
06.05.2013 21:29:35 (INFO): 22222222-2222-2222-2222-222222222222 discoverd
06.05.2013 21:29:35 (INFO): Client 11111111-1111-1111-1111-111111111111 Connected
06.05.2013 21:29:35 (INFO): Client 11111111-1111-1111-1111-111111111111 Disconnected
06.05.2013 22:14:10 (INFO): ed053226-8930-47d6-acfa-29a745314e02 discoverd
06.05.2013 22:14:10 (INFO): Client 5009b6ab-cd1f-416a-b259-2a1300a529ac Connected
06.05.2013 22:14:18 (INFO): ed053226-8930-47d6-acfa-29a745314e02 discoverd
06.05.2013 22:14:18 (INFO): 5009b6ab-cd1f-416a-b259-2a1300a529ac discoverd
06.05.2013 22:14:18 (INFO): Client 11111111-1111-1111-1111-111111111111 Connected
06.05.2013 22:14:18 (INFO): Client 11111111-1111-1111-1111-111111111111 Connected
06.05.2013 22:14:18 (INFO): Folder "New" remote_create
06.05.2013 22:14:40 (INFO): Client 11111111-1111-1111-1111-111111111111 Disconnected
06.05.2013 22:14:43 (INFO): ed053226-8930-47d6-acfa-29a745314e02 discoverd
06.05.2013 22:14:43 (INFO): 5009b6ab-cd1f-416a-b259-2a1300a529ac discoverd
06.05.2013 22:14:43 (INFO): Client 22222222-2222-2222-2222-222222222222 Connected
06.05.2013 22:14:43 (INFO): Client 22222222-2222-2222-2222-222222222222 Connected
06.05.2013 22:14:43 (INFO): Client 22222222-2222-2222-2222-222222222222 Connected
06.05.2013 22:14:48 (INFO): Client 22222222-2222-2222-2222-222222222222 Disconnected
06.05.2013 22:14:49 (INFO): ed053226-8930-47d6-acfa-29a745314e02 discoverd
06.05.2013 22:14:49 (INFO): 5009b6ab-cd1f-416a-b259-2a1300a529ac discoverd
06.05.2013 22:14:49 (INFO): Client 22222222-2222-2222-2222-222222222222 Connected
06.05.2013 22:14:49 (INFO): Client 22222222-2222-2222-2222-222222222222 Disconnected
06.05.2013 22:31:52 (INFO): ed053226-8930-47d6-acfa-29a745314e02 discoverd
06.05.2013 22:31:52 (INFO): Client 5009b6ab-cd1f-416a-b259-2a1300a529ac Connected
06.05.2013 22:32:04 (INFO): ed053226-8930-47d6-acfa-29a745314e02 discoverd
06.05.2013 22:32:04 (INFO): 5009b6ab-cd1f-416a-b259-2a1300a529ac discoverd
06.05.2013 22:32:04 (INFO): Client 11111111-1111-1111-1111-111111111111 Connected
06.05.2013 22:32:04 (INFO): Client 11111111-1111-1111-1111-111111111111 Connected
06.05.2013 22:32:27 (INFO): Client 11111111-1111-1111-1111-111111111111 Disconnected
06.05.2013 22:32:34 (INFO): ed053226-8930-47d6-acfa-29a745314e02 discoverd
06.05.2013 22:32:34 (INFO): 5009b6ab-cd1f-416a-b259-2a1300a529ac discoverd
06.05.2013 22:32:34 (INFO): Client 11111111-1111-1111-1111-111111111111 Connected
06.05.2013 22:32:34 (INFO): Client 11111111-1111-1111-1111-111111111111 Disconnected
06.05.2013 22:33:12 (INFO): ed053226-8930-47d6-acfa-29a745314e02 discoverd
06.05.2013 22:33:12 (INFO): Client 5009b6ab-cd1f-416a-b259-2a1300a529ac Connected
06.05.2013 22:35:44 (INFO): ed053226-8930-47d6-acfa-29a745314e02 discoverd
06.05.2013 22:35:44 (INFO): Client 5009b6ab-cd1f-416a-b259-2a1300a529ac Connected
06.05.2013 22:35:49 (INFO): File "реквизиты.pdf" local_delete
06.05.2013 22:35:49 (INFO): File "реквизиты.pdf" remote_delete
06.05.2013 22:35:51 (INFO): File "jquery.dataTables.tableTools.js.2013-02-13_152706.bak" local_created
06.05.2013 22:35:51 (INFO): File "jquery.dataTables.tableTools.js.2013-02-13_152706.bak" remote_create
06.05.2013 22:35:57 (INFO): File "реквизиты.pdf" local_created
06.05.2013 22:35:57 (INFO): File "реквизиты.pdf" remote_create
06.05.2013 22:51:09 (INFO): ed053226-8930-47d6-acfa-29a745314e02 discoverd
06.05.2013 22:51:09 (INFO): Client 5009b6ab-cd1f-416a-b259-2a1300a529ac Connected
06.05.2013 22:52:12 (INFO): ed053226-8930-47d6-acfa-29a745314e02 discoverd
06.05.2013 22:52:12 (INFO): 5009b6ab-cd1f-416a-b259-2a1300a529ac discoverd
06.05.2013 22:52:12 (INFO): Client 11111111-1111-1111-1111-111111111111 Connected
06.05.2013 22:52:12 (INFO): Client 11111111-1111-1111-1111-111111111111 Connected
06.05.2013 22:52:12 (INFO): File "?????????.pdf" remote_create
06.05.2013 22:52:12 (INFO): File "?????????.pdf" remote_create
06.05.2013 22:52:12 (INFO): File "реквизиты.pdf" remote_create
06.05.2013 22:52:12 (INFO): File "jquery.dataTables.tableTools.js.2013-02-13_152706.bak" remote_create
06.05.2013 22:52:44 (INFO): Client 11111111-1111-1111-1111-111111111111 Disconnected
06.05.2013 22:54:56 (INFO): ed053226-8930-47d6-acfa-29a745314e02 discoverd
06.05.2013 22:54:56 (INFO): 5009b6ab-cd1f-416a-b259-2a1300a529ac discoverd
06.05.2013 22:54:57 (INFO): Client 22222222-2222-2222-2222-222222222222 Connected
06.05.2013 22:54:57 (INFO): Client 22222222-2222-2222-2222-222222222222 Connected
06.05.2013 22:54:57 (INFO): Client 22222222-2222-2222-2222-222222222222 Connected
06.05.2013 22:54:57 (INFO): File "реквизиты.pdf" remote_create
06.05.2013 22:54:57 (INFO): File "jquery.dataTables.tableTools.js.2013-02-13_152706.bak" remote_create
06.05.2013 22:55:52 (INFO): ed053226-8930-47d6-acfa-29a745314e02 discoverd
06.05.2013 22:55:52 (INFO): Client 5009b6ab-cd1f-416a-b259-2a1300a529ac Connected
06.05.2013 22:56:00 (INFO): ed053226-8930-47d6-acfa-29a745314e02 discoverd
06.05.2013 22:56:00 (INFO): 5009b6ab-cd1f-416a-b259-2a1300a529ac discoverd
06.05.2013 22:56:00 (INFO): Client 11111111-1111-1111-1111-111111111111 Connected
06.05.2013 22:56:00 (INFO): Client 11111111-1111-1111-1111-111111111111 Connected
06.05.2013 22:56:05 (INFO): Client 11111111-1111-1111-1111-111111111111 Disconnected
06.05.2013 22:56:07 (INFO): Client 11111111-1111-1111-1111-111111111111 Disconnected
06.05.2013 22:59:22 (INFO): ed053226-8930-47d6-acfa-29a745314e02 discoverd
06.05.2013 22:59:23 (INFO): Client 5009b6ab-cd1f-416a-b259-2a1300a529ac Connected
06.05.2013 22:59:25 (INFO): ed053226-8930-47d6-acfa-29a745314e02 discoverd
06.05.2013 22:59:25 (INFO): 5009b6ab-cd1f-416a-b259-2a1300a529ac discoverd
06.05.2013 22:59:52 (INFO): Client 11111111-1111-1111-1111-111111111111 Connected
06.05.2013 22:59:58 (INFO): Client 11111111-1111-1111-1111-111111111111 Connected
06.05.2013 23:02:48 (INFO): ed053226-8930-47d6-acfa-29a745314e02 discoverd
06.05.2013 23:16:10 (INFO): ed053226-8930-47d6-acfa-29a745314e02 discoverd
06.05.2013 23:16:10 (INFO): Client 5009b6ab-cd1f-416a-b259-2a1300a529ac Connected
06.05.2013 23:16:13 (INFO): ed053226-8930-47d6-acfa-29a745314e02 discoverd
06.05.2013 23:16:13 (INFO): 5009b6ab-cd1f-416a-b259-2a1300a529ac discoverd
06.05.2013 23:16:13 (INFO): Client 11111111-1111-1111-1111-111111111111 Connected
06.05.2013 23:16:13 (INFO): Client 11111111-1111-1111-1111-111111111111 Connected
06.05.2013 23:17:12 (INFO): Client 11111111-1111-1111-1111-111111111111 Disconnected
06.05.2013 23:19:46 (INFO): ed053226-8930-47d6-acfa-29a745314e02 discoverd
06.05.2013 23:19:46 (INFO): Client 5009b6ab-cd1f-416a-b259-2a1300a529ac Connected
06.05.2013 23:19:49 (INFO): ed053226-8930-47d6-acfa-29a745314e02 discoverd
06.05.2013 23:19:49 (INFO): 5009b6ab-cd1f-416a-b259-2a1300a529ac discoverd
06.05.2013 23:19:49 (INFO): Client 11111111-1111-1111-1111-111111111111 Connected
06.05.2013 23:19:49 (INFO): Client 11111111-1111-1111-1111-111111111111 Connected
06.05.2013 23:19:58 (INFO): Client 11111111-1111-1111-1111-111111111111 Disconnected
06.05.2013 23:20:18 (INFO): ed053226-8930-47d6-acfa-29a745314e02 discoverd
06.05.2013 23:20:18 (INFO): Client 5009b6ab-cd1f-416a-b259-2a1300a529ac Connected
06.05.2013 23:20:24 (INFO): ed053226-8930-47d6-acfa-29a745314e02 discoverd
06.05.2013 23:20:24 (INFO): 5009b6ab-cd1f-416a-b259-2a1300a529ac discoverd
06.05.2013 23:20:24 (INFO): Client 11111111-1111-1111-1111-111111111111 Connected
06.05.2013 23:20:24 (INFO): Client 11111111-1111-1111-1111-111111111111 Connected
06.05.2013 23:20:43 (INFO): Client 11111111-1111-1111-1111-111111111111 Disconnected
06.05.2013 23:20:58 (INFO): Client 11111111-1111-1111-1111-111111111111 Disconnected
06.05.2013 23:21:28 (INFO): ed053226-8930-47d6-acfa-29a745314e02 discoverd
06.05.2013 23:21:28 (INFO): Client 5009b6ab-cd1f-416a-b259-2a1300a529ac Connected
06.05.2013 23:22:54 (INFO): ed053226-8930-47d6-acfa-29a745314e02 discoverd
06.05.2013 23:22:54 (INFO): 5009b6ab-cd1f-416a-b259-2a1300a529ac discoverd
06.05.2013 23:22:54 (INFO): Client 11111111-1111-1111-1111-111111111111 Connected
06.05.2013 23:22:54 (INFO): Client 11111111-1111-1111-1111-111111111111 Connected
06.05.2013 23:23:08 (INFO): Client 11111111-1111-1111-1111-111111111111 Disconnected
06.05.2013 23:24:14 (INFO): ed053226-8930-47d6-acfa-29a745314e02 discoverd
06.05.2013 23:24:14 (INFO): Client 5009b6ab-cd1f-416a-b259-2a1300a529ac Connected
06.05.2013 23:24:18 (INFO): ed053226-8930-47d6-acfa-29a745314e02 discoverd
06.05.2013 23:24:18 (INFO): 5009b6ab-cd1f-416a-b259-2a1300a529ac discoverd
06.05.2013 23:24:18 (INFO): Client 11111111-1111-1111-1111-111111111111 Connected
06.05.2013 23:24:18 (INFO): Client 11111111-1111-1111-1111-111111111111 Connected
06.05.2013 23:24:24 (INFO): Client 11111111-1111-1111-1111-111111111111 Disconnected
06.05.2013 23:25:44 (INFO): ed053226-8930-47d6-acfa-29a745314e02 discoverd
06.05.2013 23:25:45 (INFO): Client 5009b6ab-cd1f-416a-b259-2a1300a529ac Connected
06.05.2013 23:25:47 (INFO): ed053226-8930-47d6-acfa-29a745314e02 discoverd
06.05.2013 23:25:47 (INFO): 5009b6ab-cd1f-416a-b259-2a1300a529ac discoverd
06.05.2013 23:25:47 (INFO): Client 11111111-1111-1111-1111-111111111111 Connected
06.05.2013 23:25:48 (INFO): Client 11111111-1111-1111-1111-111111111111 Connected
